<?xml version="1.0" encoding="UTF-8"?>
<testsuites name="jest tests" tests="1" failures="0" errors="0" time="2.847">
  <testsuite name="reana_jupyterlab" errors="0" failures="0" skipped="0" timestamp="2024-08-23T15:18:03" time="2.293" tests="1">
    <testcase classname="reana_jupyterlab should be tested" name="reana_jupyterlab should be tested" time="0.003">
    </testcase>
  </testsuite>
</testsuites>